2023-07-04 14:52:40,818 [INFO] Activator:176 - 


2023-07-04 14:52:40,823 [INFO] Activator:177 - !SESSION log4j initialized
2023-07-04 14:52:46,677 [ERROR] LogOutputStream:75 - [STDERR_REDIRECT] 
2023-07-04 14:52:47,766 [INFO] LogOutputStream:77 - [STDOUT_REDIRECT] 
2023-07-04 14:52:49,888 [INFO] LogOutputStream:77 - [STDOUT_REDIRECT] 
2023-07-04 14:53:11,931 [ERROR] LogOutputStream:75 - [STDERR_REDIRECT] SLF4J: Failed to load class "org.slf4j.impl.StaticLoggerBinder".
2023-07-04 14:53:11,933 [ERROR] LogOutputStream:75 - [STDERR_REDIRECT] SLF4J: Defaulting to no-operation (NOP) logger implementation
2023-07-04 14:53:11,933 [ERROR] LogOutputStream:75 - [STDERR_REDIRECT] SLF4J: See http://www.slf4j.org/codes.html#StaticLoggerBinder for further details.
2023-07-04 17:17:05,577 [ERROR] ConfigurationRetriever:142 - IOException on connection: connect timed out
2023-07-04 17:19:01,337 [ERROR] ConfigurationRetriever:142 - IOException on connection: Read timed out
2023-07-04 17:27:45,019 [ERROR] ConfigurationRetriever:142 - IOException on connection: Read timed out
2023-07-04 17:27:48,139 [ERROR] ConfigurationRetriever:142 - IOException on connection: connect timed out
2023-07-04 17:28:12,761 [ERROR] ConfigurationRetriever:142 - IOException on connection: connect timed out
2023-07-04 21:53:58,451 [INFO] Activator:176 - 


2023-07-04 21:53:58,453 [INFO] Activator:177 - !SESSION log4j initialized
2023-07-04 21:54:04,241 [ERROR] LogOutputStream:75 - [STDERR_REDIRECT] 
2023-07-04 21:54:07,474 [INFO] LogOutputStream:77 - [STDOUT_REDIRECT] 
2023-07-04 21:54:30,125 [ERROR] LogOutputStream:75 - [STDERR_REDIRECT] SLF4J: Failed to load class "org.slf4j.impl.StaticLoggerBinder".
2023-07-04 21:54:30,128 [ERROR] LogOutputStream:75 - [STDERR_REDIRECT] SLF4J: Defaulting to no-operation (NOP) logger implementation
2023-07-04 21:54:30,129 [ERROR] LogOutputStream:75 - [STDERR_REDIRECT] SLF4J: See http://www.slf4j.org/codes.html#StaticLoggerBinder for further details.
2023-07-04 23:38:16,984 [INFO] Activator:176 - 


2023-07-04 23:38:16,985 [INFO] Activator:177 - !SESSION log4j initialized
2023-07-04 23:38:22,747 [ERROR] LogOutputStream:75 - [STDERR_REDIRECT] 
2023-07-04 23:38:26,110 [INFO] LogOutputStream:77 - [STDOUT_REDIRECT] 
2023-07-04 23:38:48,260 [ERROR] LogOutputStream:75 - [STDERR_REDIRECT] SLF4J: Failed to load class "org.slf4j.impl.StaticLoggerBinder".
2023-07-04 23:38:48,261 [ERROR] LogOutputStream:75 - [STDERR_REDIRECT] SLF4J: Defaulting to no-operation (NOP) logger implementation
2023-07-04 23:38:48,261 [ERROR] LogOutputStream:75 - [STDERR_REDIRECT] SLF4J: See http://www.slf4j.org/codes.html#StaticLoggerBinder for further details.
