2023-07-11 09:52:11,421 [INFO] Activator:176 - 


2023-07-11 09:52:11,427 [INFO] Activator:177 - !SESSION log4j initialized
2023-07-11 09:52:17,559 [ERROR] LogOutputStream:75 - [STDERR_REDIRECT] 
2023-07-11 09:52:18,219 [INFO] LogOutputStream:77 - [STDOUT_REDIRECT] 
2023-07-11 09:52:21,457 [INFO] LogOutputStream:77 - [STDOUT_REDIRECT] 
2023-07-11 09:52:43,629 [ERROR] LogOutputStream:75 - [STDERR_REDIRECT] SLF4J: Failed to load class "org.slf4j.impl.StaticLoggerBinder".
2023-07-11 09:52:43,630 [ERROR] LogOutputStream:75 - [STDERR_REDIRECT] SLF4J: Defaulting to no-operation (NOP) logger implementation
2023-07-11 09:52:43,630 [ERROR] LogOutputStream:75 - [STDERR_REDIRECT] SLF4J: See http://www.slf4j.org/codes.html#StaticLoggerBinder for further details.
2023-07-11 19:48:09,035 [ERROR] ConfigurationRetriever:142 - IOException on connection: Read timed out
2023-07-11 19:50:21,611 [ERROR] ConfigurationRetriever:142 - IOException on connection: connect timed out
2023-07-11 19:55:10,576 [ERROR] ConfigurationRetriever:142 - IOException on connection: connect timed out
2023-07-11 21:23:40,557 [ERROR] ConfigurationRetriever:142 - IOException on connection: Read timed out
2023-07-11 21:41:00,226 [ERROR] ConfigurationRetriever:142 - IOException on connection: connect timed out
2023-07-11 22:40:00,062 [ERROR] ConfigurationRetriever:142 - IOException on connection: connect timed out
2023-07-11 23:04:49,771 [INFO] Activator:176 - 


2023-07-11 23:04:49,773 [INFO] Activator:177 - !SESSION log4j initialized
2023-07-11 23:04:54,084 [ERROR] LogOutputStream:75 - [STDERR_REDIRECT] 
2023-07-11 23:04:57,218 [INFO] LogOutputStream:77 - [STDOUT_REDIRECT] 
2023-07-11 23:05:19,064 [ERROR] LogOutputStream:75 - [STDERR_REDIRECT] SLF4J: Failed to load class "org.slf4j.impl.StaticLoggerBinder".
2023-07-11 23:05:19,066 [ERROR] LogOutputStream:75 - [STDERR_REDIRECT] SLF4J: Defaulting to no-operation (NOP) logger implementation
2023-07-11 23:05:19,066 [ERROR] LogOutputStream:75 - [STDERR_REDIRECT] SLF4J: See http://www.slf4j.org/codes.html#StaticLoggerBinder for further details.
